INFO 2015-05-22 01:14:58,948 用户添加记录
INFO 2015-05-25 06:52:26,807 用户添加记录
INFO 2015-05-25 07:41:15,165 用户添加记录
INFO 2015-05-25 07:49:47,316 用户添加记录
INFO 2015-08-12 03:19:19,077 用户添加记录
INFO 2015-08-12 03:20:58,153 用户添加记录
INFO 2015-08-12 03:23:21,551 
INFO 2015-08-12 03:23:57,168 
INFO 2015-08-12 03:25:04,478 
INFO 2015-08-12 03:26:12,979 
INFO 2015-08-12 03:27:15,866 
INFO 2015-08-12 03:28:31,332 
INFO 2015-08-12 03:29:14,018 ()
INFO 2015-08-12 03:31:21,794 ------------------------
INFO 2015-09-11 08:58:37,946 测试下载excel文件
INFO 2015-09-11 09:01:43,522 测试下载excel文件
INFO 2015-09-11 09:04:07,081 测试下载excel文件
INFO 2015-09-11 09:05:14,223 测试下载excel文件
INFO 2015-09-11 09:06:41,370 测试下载excel文件
INFO 2015-09-11 09:08:03,813 测试下载excel文件
INFO 2015-09-11 09:15:49,585 测试下载excel文件
INFO 2015-09-11 09:15:55,650 测试下载excel文件
INFO 2015-09-11 09:18:49,806 测试下载excel文件
INFO 2015-09-11 09:23:21,152 测试下载excel文件
INFO 2015-09-14 02:11:16,659 测试下载excel文件
INFO 2015-09-14 02:12:42,097 测试下载excel文件
INFO 2015-09-14 02:14:12,159 测试下载excel文件
INFO 2015-09-14 02:15:04,270 测试下载excel文件
INFO 2015-09-14 02:15:33,013 测试下载excel文件
